Using pre-set license
Built from '2021.1/staging' branch; Version is '2021.1.6f1 (c0fade0cc7e9) revision 12647134'; Using compiler version '192528614'; Build Type 'Release'
OS: 'Windows 10 Pro; OS build 21996.1; Version 2009; 64bit' Language: 'en' Physical Memory: 16318 MB
BatchMode: 1, IsHumanControllingUs: 0, StartBugReporterOnCrash: 0, Is64bit: 1, IsPro: 0

 COMMAND LINE ARGUMENTS:
C:\Program Files\Unity 2021.1.6f1\Editor\Unity.exe
-adb2
-batchMode
-noUpm
-name
AssetImportWorker0
-projectPath
C:/Users/KoshMarkus/Documents/GitHub/Asteroids
-logFile
Logs/AssetImportWorker0.log
-srvPort
61504
Successfully changed project path to: C:/Users/KoshMarkus/Documents/GitHub/Asteroids
C:/Users/KoshMarkus/Documents/GitHub/Asteroids
Using Asset Import Pipeline V2.
Refreshing native plugins compatible for Editor in 34.26 ms, found 1 plugins.
Preloading 0 native plugins for Editor in 0.00 ms.
Initialize engine version: 2021.1.6f1 (c0fade0cc7e9)
[Subsystems] Discovering subsystems at path C:/Program Files/Unity 2021.1.6f1/Editor/Data/Resources/UnitySubsystems
[Subsystems] Discovering subsystems at path C:/Users/KoshMarkus/Documents/GitHub/Asteroids/Assets
GfxDevice: creating device client; threaded=0; jobified=0
Direct3D:
    Version:  Direct3D 11.0 [level 11.1]
    Renderer: NVIDIA GeForce RTX 2060 SUPER (ID=0x1f06)
    Vendor:   NVIDIA
    VRAM:     8031 MB
    Driver:   27.21.14.5671
Initialize mono
Mono path[0] = 'C:/Program Files/Unity 2021.1.6f1/Editor/Data/Managed'
Mono path[1] = 'C:/Program Files/Unity 2021.1.6f1/Editor/Data/MonoBleedingEdge/lib/mono/unityjit'
Mono config path = 'C:/Program Files/Unity 2021.1.6f1/Editor/Data/MonoBleedingEdge/etc'
Using monoOptions --debugger-agent=transport=dt_socket,embedding=1,server=y,suspend=n,address=127.0.0.1:56588
Begin MonoManager ReloadAssembly
Registering precompiled unity dll's ...
Register platform support module: C:/Program Files/Unity 2021.1.6f1/Editor/Data/PlaybackEngines/WindowsStandaloneSupport/UnityEditor.WindowsStandalone.Extensions.dll
Registered in 0.001524 seconds.
Native extension for WindowsStandalone target not found
Refreshing native plugins compatible for Editor in 38.92 ms, found 1 plugins.
Preloading 0 native plugins for Editor in 0.00 ms.
Mono: successfully reloaded assembly
- Completed reload, in  1.094 seconds
Platform modules already initialized, skipping
Registering precompiled user dll's ...
Registered in 0.000865 seconds.
Begin MonoManager ReloadAssembly
Native extension for WindowsStandalone target not found
Refreshing native plugins compatible for Editor in 37.42 ms, found 1 plugins.
Preloading 0 native plugins for Editor in 0.00 ms.
Mono: successfully reloaded assembly
- Completed reload, in  1.050 seconds
Platform modules already initialized, skipping
========================================================================
Worker process is ready to serve import requests
Launched and connected shader compiler UnityShaderCompiler.exe after 0.04 seconds
Refreshing native plugins compatible for Editor in 0.36 ms, found 1 plugins.
Preloading 0 native plugins for Editor in 0.00 ms.
Unloading 1856 Unused Serialized files (Serialized files now loaded: 0)
System memory in use before: 89.7 MB.
System memory in use after: 89.8 MB.

Unloading 19 unused Assets to reduce memory usage. Loaded Objects now: 2320.
Total: 2.148600 ms (FindLiveObjects: 0.150300 ms CreateObjectMapping: 0.067700 ms MarkObjects: 1.858500 ms  DeleteObjects: 0.070900 ms)

========================================================================
Received Import Request.
  path: Assets/Scripts/Alien.cs
  artifactKey: Guid(99568ce16772e014592bc8ad8ec20494) Importer(815301076,1909f56bfc062723c751e8b465ee728b)
Start importing Assets/Scripts/Alien.cs using Guid(99568ce16772e014592bc8ad8ec20494) Importer(815301076,1909f56bfc062723c751e8b465ee728b)  -> (artifact id: 'dcabc8d9e349d576161c6437b0032a84') in 0.034192 seconds 
========================================================================
Received Import Request.
  Time since last request: 4.327260 seconds.
  path: Assets/Scripts/Asteroid.cs
  artifactKey: Guid(9dfc170876311874d889069920b01d02) Importer(815301076,1909f56bfc062723c751e8b465ee728b)
Start importing Assets/Scripts/Asteroid.cs using Guid(9dfc170876311874d889069920b01d02) Importer(815301076,1909f56bfc062723c751e8b465ee728b)  -> (artifact id: '8b69b8f2054b291ac4235de9561e0840') in 0.007711 seconds 
========================================================================
Received Import Request.
  Time since last request: 3.480545 seconds.
  path: Assets/Scripts/Bullet.cs
  artifactKey: Guid(dd7ea3f20f70b7b47b4d72f322c9d48e) Importer(815301076,1909f56bfc062723c751e8b465ee728b)
Start importing Assets/Scripts/Bullet.cs using Guid(dd7ea3f20f70b7b47b4d72f322c9d48e) Importer(815301076,1909f56bfc062723c751e8b465ee728b)  -> (artifact id: '4631971eff37b774fbcffb31a6f95a55') in 0.007699 seconds 
========================================================================
Received Import Request.
  Time since last request: 1.422147 seconds.
  path: Assets/Scripts/ObjectPooler.cs
  artifactKey: Guid(a8546b8411d245e48a0224b43cc5e489) Importer(815301076,1909f56bfc062723c751e8b465ee728b)
Start importing Assets/Scripts/ObjectPooler.cs using Guid(a8546b8411d245e48a0224b43cc5e489) Importer(815301076,1909f56bfc062723c751e8b465ee728b)  -> (artifact id: '52840e728cb609ed6ad127cdaf146ee4') in 0.010951 seconds 
========================================================================
Received Import Request.
  Time since last request: 0.511474 seconds.
  path: Assets/Scripts/ObjectSpawner.cs
  artifactKey: Guid(f7f0a73c6d13c2b4c88d3e4ded3e58d1) Importer(815301076,1909f56bfc062723c751e8b465ee728b)
Start importing Assets/Scripts/ObjectSpawner.cs using Guid(f7f0a73c6d13c2b4c88d3e4ded3e58d1) Importer(815301076,1909f56bfc062723c751e8b465ee728b)  -> (artifact id: '40b400dec40f4011a8e96e072f0c505d') in 0.007664 seconds 
========================================================================
Received Import Request.
  Time since last request: 0.764700 seconds.
  path: Assets/Scripts/Player.cs
  artifactKey: Guid(1233c12b013180242859d54be5d629b3) Importer(815301076,1909f56bfc062723c751e8b465ee728b)
Start importing Assets/Scripts/Player.cs using Guid(1233c12b013180242859d54be5d629b3) Importer(815301076,1909f56bfc062723c751e8b465ee728b)  -> (artifact id: '8d7735232bf5caa9ec8f7b86f4198fab') in 0.006901 seconds 
========================================================================
Received Import Request.
  Time since last request: 0.985958 seconds.
  path: Assets/Scripts/UserInterface.cs
  artifactKey: Guid(61bf1910d6269044fb2c7da7fdde4e9b) Importer(815301076,1909f56bfc062723c751e8b465ee728b)
Start importing Assets/Scripts/UserInterface.cs using Guid(61bf1910d6269044fb2c7da7fdde4e9b) Importer(815301076,1909f56bfc062723c751e8b465ee728b)  -> (artifact id: 'd73075de29c91a11800addfca985457e') in 0.010708 seconds 
========================================================================
Received Import Request.
  Time since last request: 2.960431 seconds.
  path: Assets/Scripts/Interfaces/IDestroyableObject.cs
  artifactKey: Guid(1ae998c8ade4d6f419a76f44571ff5bb) Importer(815301076,1909f56bfc062723c751e8b465ee728b)
Start importing Assets/Scripts/Interfaces/IDestroyableObject.cs using Guid(1ae998c8ade4d6f419a76f44571ff5bb) Importer(815301076,1909f56bfc062723c751e8b465ee728b)  -> (artifact id: '206061a973f8e3a72bb9a6d11561b105') in 0.007655 seconds 
========================================================================
Received Prepare
Registering precompiled user dll's ...
Registered in 0.000877 seconds.
Begin MonoManager ReloadAssembly
Native extension for WindowsStandalone target not found
Refreshing native plugins compatible for Editor in 0.33 ms, found 1 plugins.
Preloading 0 native plugins for Editor in 0.00 ms.
Mono: successfully reloaded assembly
- Completed reload, in  0.821 seconds
Platform modules already initialized, skipping
Refreshing native plugins compatible for Editor in 0.32 ms, found 1 plugins.
Preloading 0 native plugins for Editor in 0.00 ms.
Unloading 1832 Unused Serialized files (Serialized files now loaded: 0)
System memory in use before: 87.8 MB.
System memory in use after: 87.9 MB.

Unloading 8 unused Assets to reduce memory usage. Loaded Objects now: 2323.
Total: 1.950600 ms (FindLiveObjects: 0.131900 ms CreateObjectMapping: 0.058000 ms MarkObjects: 1.746200 ms  DeleteObjects: 0.013700 ms)

========================================================================
Received Import Request.
  Time since last request: 21.963037 seconds.
  path: Assets/Scripts/Interfaces/IPooledObject.cs
  artifactKey: Guid(e2b7b81d38c924945831d73b056188ad) Importer(815301076,1909f56bfc062723c751e8b465ee728b)
Start importing Assets/Scripts/Interfaces/IPooledObject.cs using Guid(e2b7b81d38c924945831d73b056188ad) Importer(815301076,1909f56bfc062723c751e8b465ee728b)  -> (artifact id: '06dac7378423eef6e3defd16c4b25d72') in 0.010245 seconds 
========================================================================
Received Prepare
Registering precompiled user dll's ...
Registered in 0.001023 seconds.
Begin MonoManager ReloadAssembly
Native extension for WindowsStandalone target not found
Refreshing native plugins compatible for Editor in 0.34 ms, found 1 plugins.
Preloading 0 native plugins for Editor in 0.00 ms.
Mono: successfully reloaded assembly
- Completed reload, in  0.817 seconds
Platform modules already initialized, skipping
Refreshing native plugins compatible for Editor in 0.33 ms, found 1 plugins.
Preloading 0 native plugins for Editor in 0.00 ms.
Unloading 1831 Unused Serialized files (Serialized files now loaded: 0)
System memory in use before: 87.8 MB.
System memory in use after: 88.0 MB.

Unloading 8 unused Assets to reduce memory usage. Loaded Objects now: 2326.
Total: 1.775800 ms (FindLiveObjects: 0.130500 ms CreateObjectMapping: 0.059900 ms MarkObjects: 1.571900 ms  DeleteObjects: 0.012600 ms)

========================================================================
Received Prepare
Registering precompiled user dll's ...
Registered in 0.000807 seconds.
Begin MonoManager ReloadAssembly
Native extension for WindowsStandalone target not found
Refreshing native plugins compatible for Editor in 0.33 ms, found 1 plugins.
Preloading 0 native plugins for Editor in 0.00 ms.
Mono: successfully reloaded assembly
- Completed reload, in  0.795 seconds
Platform modules already initialized, skipping
Refreshing native plugins compatible for Editor in 0.36 ms, found 1 plugins.
Preloading 0 native plugins for Editor in 0.00 ms.
Unloading 1830 Unused Serialized files (Serialized files now loaded: 0)
System memory in use before: 87.8 MB.
System memory in use after: 88.0 MB.

Unloading 8 unused Assets to reduce memory usage. Loaded Objects now: 2329.
Total: 1.939000 ms (FindLiveObjects: 0.131100 ms CreateObjectMapping: 0.056700 ms MarkObjects: 1.737200 ms  DeleteObjects: 0.013100 ms)

========================================================================
Received Import Request.
  Time since last request: 168.178705 seconds.
  path: Assets/Scripts/ParentClasses/Shooter.cs
  artifactKey: Guid(4f962c4ab9f9c9b45bedb518dc751b75) Importer(815301076,1909f56bfc062723c751e8b465ee728b)
Start importing Assets/Scripts/ParentClasses/Shooter.cs using Guid(4f962c4ab9f9c9b45bedb518dc751b75) Importer(815301076,1909f56bfc062723c751e8b465ee728b)  -> (artifact id: 'c7ad360e28f84228c872563c94f4d209') in 0.009959 seconds 
